make.exe all --print-data-base --no-builtin-variables --no-builtin-rules --question
make.exe: *** No rule to make target 'src/lru_replacer.o', needed by 'main.exe'.  Stop.

# GNU Make 4.2
# Built for x86_64-w64-mingw32
# Copyright (C) 1988-2016 Free Software Foundation, Inc.
# License GPLv3+: GNU GPL version 3 or later <http://gnu.org/licenses/gpl.html>
# This is free software: you are free to change and redistribute it.
# There is NO WARRANTY, to the extent permitted by law.

# Make data base, printed on Sun Jul 24 18:17:24 2022

# Variables

# 'override' directive
GNUMAKEFLAGS := 
# automatic
<D = $(patsubst %/,%,$(patsubst %\,%,$(dir $<)))
# automatic
?F = $(notdir $?)
# default
.SHELLFLAGS := -c
# makefile (from 'Makefile', line 21)
SRC := src
# makefile
MAKEFLAGS = pqrR
# automatic
?D = $(patsubst %/,%,$(patsubst %\,%,$(dir $?)))
# makefile (from 'Makefile', line 48)
INCLUDES := -Iinclude
# automatic
@D = $(patsubst %/,%,$(patsubst %\,%,$(dir $@)))
# environment
HOMEDRIVE = C:
# automatic
@F = $(notdir $@)
# automatic
^D = $(patsubst %/,%,$(patsubst %\,%,$(dir $^)))
# makefile
CURDIR := c:/Users/gabri/Downloads/BASE-DE-DATOS-2-PROYECTO-
# default
SHELL := C:/Users/gabri/Downloads/w64devkit/bin/sh.exe
# makefile (from 'Makefile', line 35)
RM := del /q /f
# environment
CLION = C:\Program Files\JetBrains\CLion 2022.1.2\bin;
# environment
WINDIR = C:\Windows
# environment
VSCODE_NLS_CONFIG = {"locale":"en","availableLanguages":{},"_languagePackSupport":true}
# environment
PYCHARM COMMUNITY EDITION = C:\Program Files\JetBrains\PyCharm Community Edition 2022.1.3\bin;
# environment
ONEDRIVE = C:\Users\gabri\OneDrive
# environment
PATHEXT = .COM;.EXE;.BAT;.CMD;.VBS;.VBE;.JS;.JSE;.WSF;.WSH;.MSC;.PY;.PYW
# makefile (from 'Makefile', line 1)
MAKEFILE_LIST :=  Makefile
# environment
FPS_BROWSER_USER_PROFILE_STRING = Default
# environment
TMP = C:\Users\gabri\AppData\Local\Temp
# makefile (from 'Makefile', line 54)
SOURCES := src/main.cpp src/lru_replacer.cpp src/clock_replacer.cpp src/schema.cpp src/column.cpp src/parallel_buffer_pool_manager.cpp src/Tree.cpp src/buffer_pool_manager_instance.cpp
# makefile (from 'Makefile', line 10)
CXXFLAGS := -std=c++17 -Wall -Wextra -g
# environment
PROGRAMW6432 = C:\Program Files
# environment
PROGRAMDATA = C:\ProgramData
# environment
VSCODE_CWD = C:\Users\gabri\AppData\Local\Programs\Microsoft VS Code
# default
MAKE_HOST := x86_64-w64-mingw32
# environment
PATH = C:\Program Files (x86)\Common Files\Oracle\Java\javapath;C:\Python310\Scripts\;C:\Python310\;C:\Windows\system32;C:\Windows;C:\Windows\System32\Wbem;C:\Windows\System32\WindowsPowerShell\v1.0\;C:\Windows\System32\OpenSSH\;C:\Program Files\NVIDIA Corporation\NVIDIA NvDLISR;C:\Program Files (x86)\NVIDIA Corporation\PhysX\Common;C:\Program Files\nodejs\;C:\ProgramData\chocolatey\bin;C:\Program Files\MATLAB\R2022a\bin;C:\Program Files\Docker\Docker\resources\bin;C:\ProgramData\DockerDesktop\version-bin;C:\Program Files\Go\bin;C:\Program Files\Git\cmd;C:\Users\gabri\anaconda3;C:\Users\gabri\anaconda3\Library\mingw-w64\bin;C:\Users\gabri\anaconda3\Library\usr\bin;C:\Users\gabri\anaconda3\Library\bin;C:\Users\gabri\anaconda3\Scripts;C:\Program Files\MySQL\MySQL Shell 8.0\bin\;C:\Users\gabri\AppData\Local\Programs\Python\Python39\Scripts\;C:\Users\gabri\AppData\Local\Programs\Python\Python39\;C:\Users\gabri\AppData\Local\Microsoft\WindowsApps;C:\MinGW\bin;C:\Users\gabri\AppData\Local\Programs\Microsoft VS Code\bin;C:\Users\gabri\AppData\Roaming\npm;C:\Users\gabri\AppData\Roaming\TinyTeX\bin\win32;C:\Program Files\heroku\bin;C:\Users\gabri\go\bin;C:\Program Files\JetBrains\CLion 2022.1.2\bin;;C:\Users\gabri\Downloads\w64devkit\bin;C:\tools\dart-sdk\bin;C:\Users\gabri\AppData\Roaming\Pub\Cache\bin;C:\Opencv\opencv\build\x64\vc15\bin;C:\Users\gabri\Downloads\Yacc\bin;C:\Program Files (x86)\GnuWin32\bin;C:\Flex Windows\gcc\bin;C:\Flex Windows\Lex\bin;C:\Flex Windows\bison\bin;C:\Program Files\JetBrains\PyCharm Community Edition 2022.1.3\bin;
# environment
COMMONPROGRAMW6432 = C:\Program Files\Common Files
# makefile (from 'Makefile', line 36)
MD := mkdir
# environment
CHOCOLATEYLASTPATHUPDATE = 133010734904191671
# environment
PROCESSOR_ARCHITECTURE = AMD64
# environment
USERPROFILE = C:\Users\gabri
# environment
CHOCOLATEYINSTALL = C:\ProgramData\chocolatey
# environment
ALLUSERSPROFILE = C:\ProgramData
# environment
GOPATH = C:\Users\gabri\go
# makefile (from 'Makefile', line 33)
LIBDIRS := lib
# environment
NUMBER_OF_PROCESSORS = 12
# environment
ELECTRON_RUN_AS_NODE = 1
# makefile (from 'Makefile', line 27)
LIB := lib
# default
.FEATURES := target-specific order-only second-expansion else-if shortest-stem undefine oneshell archives jobserver output-sync
# automatic
%F = $(notdir $%)
# environment
CHROME_CRASHPAD_PIPE_NAME = \\.\pipe\crashpad_46704_TNHBSHAQYYONJNRS
# environment
COMPUTERNAME = PC_DE_GABRIEL
# environment
PROGRAMFILES = C:\Program Files
# makefile (from 'Makefile', line 65)
OUTPUTMAIN := output\main.exe
# default
.LOADED := 
# environment
DRIVERDATA = C:\Windows\System32\Drivers\DriverData
# environment
ORIGINAL_XDG_CURRENT_DESKTOP = undefined
# environment
OPENCV = C:\Opencv\opencv\build\x64\vc15\bin
# environment
USERNAME = gabri
# environment
PUBLIC = C:\Users\Public
# environment
VSCODE_AMD_ENTRYPOINT = vs/workbench/api/node/extensionHostProcess
# environment
CHOCOLATEYTOOLSLOCATION = C:\tools
# environment
VSCODE_CODE_CACHE_PATH = C:\Users\gabri\AppData\Roaming\Code\CachedData\3b889b090b5ad5793f524b5d1d39fda662b96a2a
# environment
APPLICATION_INSIGHTS_NO_DIAGNOSTIC_CHANNEL = 1
# environment
COMMONPROGRAMFILES = C:\Program Files\Common Files
# environment
LOGONSERVER = \\PC_DE_GABRIEL
# environment
OPENSSL_CONF = C:\Program Files\PostgreSQL\psqlODBC\etc\openssl.cnf
# makefile (from 'Makefile', line 32)
INCLUDEDIRS := include
# environment
ONEDRIVECONSUMER = C:\Users\gabri\OneDrive
# environment
VSCODE_HANDLES_UNCAUGHT_ERRORS = true
# environment
USERDOMAIN = PC_DE_GABRIEL
# environment
MAKELEVEL := 0
# default
MAKE = $(MAKE_COMMAND)
# default
MAKECMDGOALS := all
# makefile (from 'Makefile', line 34)
FIXPATH = $(subst /,\,$1)
# default
MAKE_VERSION := 4.2
# makefile
.DEFAULT_GOAL := all
# makefile (from 'Makefile', line 24)
INCLUDE := include
# makefile (from 'Makefile', line 31)
SOURCEDIRS := src
# environment
PROGRAMFILES(X86) = C:\Program Files (x86)
# automatic
%D = $(patsubst %/,%,$(patsubst %\,%,$(dir $%)))
# makefile (from 'Makefile', line 15)
LFLAGS = 
# environment
LOCALAPPDATA = C:\Users\gabri\AppData\Local
# environment
PSMODULEPATH = C:\Program Files\WindowsPowerShell\Modules;C:\Windows\system32\WindowsPowerShell\v1.0\Modules
# default
MAKE_COMMAND := make.exe
# default
.VARIABLES := 
# automatic
*F = $(notdir $*)
# environment
PROCESSOR_IDENTIFIER = Intel64 Family 6 Model 165 Stepping 3, GenuineIntel
# environment
OS = Windows_NT
# environment
VSCODE_IPC_HOOK = \\.\pipe\b3ea7aa8500752aefd3763fb3da0c97c-1.69.2-main-sock
# environment
HOMEPATH = \Users\gabri
# environment
COMMONPROGRAMFILES(X86) = C:\Program Files (x86)\Common Files
# environment
PROMPT = $P$G
# environment
MFLAGS = -pqrR
# automatic
*D = $(patsubst %/,%,$(patsubst %\,%,$(dir $*)))
# makefile (from 'Makefile', line 30)
MAIN := main.exe
# environment
SYSTEMROOT = C:\Windows
# automatic
+D = $(patsubst %/,%,$(patsubst %\,%,$(dir $+)))
# automatic
+F = $(notdir $+)
# environment
APPDATA = C:\Users\gabri\AppData\Roaming
# environment
TEMP = C:\Users\gabri\AppData\Local\Temp
# environment
COMSPEC = C:\Windows\system32\cmd.exe
# makefile (from 'Makefile', line 18)
OUTPUT := output
# default
MAKEFILES := 
# automatic
<F = $(notdir $<)
# makefile (from 'Makefile', line 7)
CXX = g++
# environment
LC_ALL = C
# makefile (from 'Makefile', line 51)
LIBS := -Llib
# automatic
^F = $(notdir $^)
# default
SUFFIXES := 
# environment
SYSTEMDRIVE = C:
# environment
SESSIONNAME = Console
# environment
PROCESSOR_REVISION = a503
# default
.RECIPEPREFIX := 
# makefile (from 'Makefile', line 57)
OBJECTS := src/main.o src/lru_replacer.o src/clock_replacer.o src/schema.o src/column.o src/parallel_buffer_pool_manager.o src/Tree.o src/buffer_pool_manager_instance.o
# environment
LANG = C
# environment
PROCESSOR_LEVEL = 6
# environment
FPS_BROWSER_APP_PROFILE_STRING = Internet Explorer
# environment
VSCODE_PID = 46704
# environment
USERDOMAIN_ROAMINGPROFILE = PC_DE_GABRIEL
# variable set hash-table stats:
# Load=115/1024=11%, Rehash=0, Collisions=17/152=11%

# Pattern-specific Variable Values

# No pattern-specific variable values.

# Directories

# . (key c:/Users/gabri/Downloads/BASE-DE-DATOS-2-PROYECTO-, mtime 1658616506ll): 12 files, no impossibilities.
# src (key c:/Users/gabri/Downloads/BASE-DE-DATOS-2-PROYECTO-/src, mtime 1658698674ll): 12 files, no impossibilities.

# 24 files, no impossibilities in 2 directories.

# Implicit Rules

# No implicit rules.

# Files

all: output main.exe
#  Command line target.
#  Implicit rule search has not been done.
#  File does not exist.
#  File has not been updated.
#  recipe to execute (from 'Makefile', line 68):
	@echo Executing 'all' complete!

.PHONY: clean
#  Implicit rule search has not been done.
#  Modification time never checked.
#  File has not been updated.

# Not a target:
src/main.o:
#  Implicit rule search has been done.
#  Last modified 2022-07-23 17:54:56
#  File has been updated.
#  Successfully updated.

# Not a target:
src/clock_replacer.o:
#  Implicit rule search has not been done.
#  Modification time never checked.
#  File has not been updated.

# Not a target:
src/column.o:
#  Implicit rule search has not been done.
#  Modification time never checked.
#  File has not been updated.

# Not a target:
src/Tree.o:
#  Implicit rule search has not been done.
#  Modification time never checked.
#  File has not been updated.

main.exe: src/main.o src/lru_replacer.o src/clock_replacer.o src/schema.o src/column.o src/parallel_buffer_pool_manager.o src/Tree.o src/buffer_pool_manager_instance.o
#  Implicit rule search has not been done.
#  File does not exist.
#  File has not been updated.
#  recipe to execute (from 'Makefile', line 74):
	$(CXX) $(CXXFLAGS) $(INCLUDES) -o $(OUTPUTMAIN) $(OBJECTS) $(LFLAGS) $(LIBS)

# Not a target:
Makefile:
#  Implicit rule search has been done.
#  Last modified 2022-07-07 13:51:45
#  File has been updated.
#  Successfully updated.

# Not a target:
src/buffer_pool_manager_instance.o:
#  Implicit rule search has not been done.
#  Modification time never checked.
#  File has not been updated.

# Not a target:
.DEFAULT:
#  Implicit rule search has not been done.
#  Modification time never checked.
#  File has not been updated.

# Not a target:
src/parallel_buffer_pool_manager.o:
#  Implicit rule search has not been done.
#  Modification time never checked.
#  File has not been updated.

run: all
#  Implicit rule search has not been done.
#  Modification time never checked.
#  File has not been updated.
#  recipe to execute (from 'Makefile', line 90):
	./$(OUTPUTMAIN)
	@echo Executing 'run: all' complete!

.cpp.o:
#  Implicit rule search has not been done.
#  Modification time never checked.
#  File has not been updated.
#  recipe to execute (from 'Makefile', line 81):
	$(CXX) $(CXXFLAGS) $(INCLUDES) -c $<  -o $@

clean:
#  Phony target (prerequisite of .PHONY).
#  Implicit rule search has not been done.
#  File does not exist.
#  File has not been updated.
#  recipe to execute (from 'Makefile', line 85):
	$(RM) $(OUTPUTMAIN)
	$(RM) $(call FIXPATH,$(OBJECTS))
	@echo Cleanup complete!

output:
#  Implicit rule search has not been done.
#  Last modified 2022-07-23 19:09:47
#  File has been updated.
#  Successfully updated.
#  recipe to execute (from 'Makefile', line 71):
	$(MD) $(OUTPUT)

# Not a target:
src/lru_replacer.o:
#  Implicit rule search has been done.
#  File does not exist.
#  File has not been updated.

# Not a target:
src/schema.o:
#  Implicit rule search has not been done.
#  Modification time never checked.
#  File has not been updated.

# files hash-table stats:
# Load=18/1024=2%, Rehash=0, Collisions=0/44=0%
# VPATH Search Paths

# No 'vpath' search paths.

# No general ('VPATH' variable) search path.

# strcache buffers: 1 (0) / strings = 38 / storage = 461 B / avg = 12 B
# current buf: size = 8162 B / used = 461 B / count = 38 / avg = 12 B

# strcache performance: lookups = 57 / hit rate = 33%
# hash-table stats:
# Load=38/8192=0%, Rehash=0, Collisions=2/57=4%
# Finished Make data base on Sun Jul 24 18:17:24 2022

 
